Сборка начата 25.05.2016 18:17:20.
     1>Проект "C:\Users\Евгений\Desktop\test\VideoApp\VideoApp\EncodeImages\EncodeImages.WindowsPhone\EncodeImages.WindowsPhone.vcxproj" в узле 2 (целевые объекты Rebuild).
     1>_PrepareForClean:
         Файл "Debug\EncodeIm.25e9c73c.tlog\EncodeImages.WindowsPhone.lastbuildstate" удаляется.
       GetInstalledSDKLocations:
         Идет поиск пакетов SDK, предназначенных для "WindowsPhoneApp, 8.1".
       ResolveSDKReferences:
           Идет чтение файла манифеста SDK "C:\Program Files (x86)\Microsoft SDKs\WindowsPhoneApp\v8.1\ExtensionSDKs\Microsoft.VCLibs\12.0\SDKManifest.xml".
           Целевые конфигурация и архитектура "Debug|x86"
           Не удается найти атрибут "FrameworkIdentity" "FrameworkIdentity-Debug-x86" в манифесте SDK. 
           В манифесте SDK найден атрибут "FrameworkIdentity" "Name = Microsoft.VCLibs.120.00.Phone.Debug, MinVersion = 12.0.30113.0".
           В манифесте SDK найден атрибут расположения "APPX" "AppX-Debug-x86=.\AppX\Debug\x86\Microsoft.VCLibs.x86.Debug.12.00.Phone.appx".
           В манифесте SDK найден атрибут расположения "APPX" "AppX-Debug-ARM=.\AppX\Debug\ARM\Microsoft.VCLibs.ARM.Debug.12.00.Phone.appx".
       ExpandSDKReferences:
         Идет перечисление ссылки на пакет SDK "Microsoft.VCLibs, Version=12.0" из "C:\Program Files (x86)\Microsoft SDKs\WindowsPhoneApp\v8.1\ExtensionSDKs\Microsoft.VCLibs\12.0\".
         Добавление ссылки "References\CommonConfiguration\neutral\platform.winmd".
       InitializeBuildStatus:
         Создание "Debug\EncodeIm.25e9c73c.tlog\unsuccessfulbuild", так как было задано "AlwaysCreate".
       ClCompile:
         C:\Program Files (x86)\Microsoft Visual Studio 12.0\VC\bin\CL.exe /c /I"C:\Users\Евгений\Desktop\test\VideoApp\VideoApp\EncodeImages\EncodeImages.WindowsPhone\\" /I"Generated Files\\" /IDebug\ /I"C:\Users\Евгений\Desktop\test\VideoApp\VideoApp\EncodeImages\EncodeImages.Shared\\" /ZI /ZW /ZW:nostdlib /nologo /W3 /WX- /sdl /MP /Od /Oy- /D _WINRT_DLL /D PSAPI_VERSION=2 /D WINAPI_FAMILY=WINAPI_FAMILY_PHONE_APP /D _UITHREADCTXT_SUPPORT=0 /D _WINDLL /D _UNICODE /D UNICODE /D _DEBUG /Gm- /EHsc /RTC1 /MDd /GS /fp:precise /Zc:wchar_t /Zc:forScope /Yc"pch.h" /Fp"Debug\pch.pch" /Fo"Debug\\" /Fd"Debug\vc120.pdb" /Gd /TP /FU"C:\Program Files (x86)\Microsoft SDKs\WindowsPhoneApp\v8.1\ExtensionSDKs\Microsoft.VCLibs\12.0\References\CommonConfiguration\neutral\platform.winmd" /FU"C:\Program Files (x86)\Windows Phone Kits\8.1\\References\CommonConfiguration\Neutral\Windows.winmd" /FU"C:\Program Files (x86)\Windows Phone Kits\8.1\\References\CommonConfiguration\Neutral\Windows.winmd" /analyze- /errorReport:prompt /bigobj "C:\Users\Евгений\Desktop\test\VideoApp\VideoApp\EncodeImages\EncodeImages.Shared\pch.cpp"
         pch.cpp
         C:\Program Files (x86)\Microsoft Visual Studio 12.0\VC\bin\CL.exe /c /I"C:\Users\Евгений\Desktop\test\VideoApp\VideoApp\EncodeImages\EncodeImages.WindowsPhone\\" /I"Generated Files\\" /IDebug\ /I"C:\Users\Евгений\Desktop\test\VideoApp\VideoApp\EncodeImages\EncodeImages.Shared\\" /ZI /ZW /ZW:nostdlib /nologo /W3 /WX- /sdl /MP /Od /Oy- /D _WINRT_DLL /D PSAPI_VERSION=2 /D WINAPI_FAMILY=WINAPI_FAMILY_PHONE_APP /D _UITHREADCTXT_SUPPORT=0 /D _WINDLL /D _UNICODE /D UNICODE /D _DEBUG /Gm- /EHsc /RTC1 /MDd /GS /fp:precise /Zc:wchar_t /Zc:forScope /Yu"pch.h" /Fp"Debug\pch.pch" /Fo"Debug\\" /Fd"Debug\vc120.pdb" /Gd /TP /FU"C:\Program Files (x86)\Microsoft SDKs\WindowsPhoneApp\v8.1\ExtensionSDKs\Microsoft.VCLibs\12.0\References\CommonConfiguration\neutral\platform.winmd" /FU"C:\Program Files (x86)\Windows Phone Kits\8.1\\References\CommonConfiguration\Neutral\Windows.winmd" /FU"C:\Program Files (x86)\Windows Phone Kits\8.1\\References\CommonConfiguration\Neutral\Windows.winmd" /analyze- /errorReport:prompt /bigobj "C:\Users\Евгений\Desktop\test\VideoApp\VideoApp\EncodeImages\EncodeImages.Shared\PictureWriter.cpp"
         PictureWriter.cpp
       Link:
         C:\Program Files (x86)\Microsoft Visual Studio 12.0\VC\bin\link.exe /ERRORREPORT:PROMPT /OUT:"C:\Users\Евгений\Desktop\test\VideoApp\VideoApp\Debug\EncodeImages.WindowsPhone\EncodeImages.WindowsPhone.dll" /INCREMENTAL /NOLOGO WindowsPhoneCore.lib RuntimeObject.lib PhoneAppModelHost.lib /NODEFAULTLIB:kernel32.lib /NODEFAULTLIB:ole32.lib /MANIFEST:NO /DEBUG /PDB:"C:\Users\Евгений\Desktop\test\VideoApp\VideoApp\Debug\EncodeImages.WindowsPhone\EncodeImages.WindowsPhone.pdb" /SUBSYSTEM:CONSOLE /TLBID:1 /APPCONTAINER /WINMD /WINMDFILE:"C:\Users\Евгений\Desktop\test\VideoApp\VideoApp\Debug\EncodeImages.WindowsPhone\EncodeImages.winmd" /DYNAMICBASE /NXCOMPAT /MACHINE:X86 /DLL Debug\pch.obj
         Debug\PictureWriter.obj
            Создается библиотека C:\Users\Евгений\Desktop\test\VideoApp\VideoApp\Debug\EncodeImages.WindowsPhone\EncodeImages.WindowsPhone.lib и объект C:\Users\Евгений\Desktop\test\VideoApp\VideoApp\Debug\EncodeImages.WindowsPhone\EncodeImages.WindowsPhone.exp
         EncodeImages.WindowsPhone.vcxproj -> C:\Users\Евгений\Desktop\test\VideoApp\VideoApp\Debug\EncodeImages.WindowsPhone\EncodeImages.WindowsPhone.dll
       ComputeProcessXamlFiles:
         (Out) ProcessedXamlFiles == 
       CustomOutputGroupForPackaging:
         (Out) Project='EncodeImages.WindowsPhone' ProcessedXamlFiles == 
         (Out) XamlPackagingRootFolder == C:\Users\Евгений\Desktop\test\VideoApp\VideoApp\Debug\EncodeImages.WindowsPhone\\
         (Out) ProcessedXamlFilesFullPath == 
         (Out) Project='EncodeImages.WindowsPhone' CustomOutputGroupForPackagingOutput == 
       GetPackagingOutputs:
         EncodeImages.WindowsPhone : EncodeImages.WindowsPhone.ProjectPriFile : C:\Users\Евгений\Desktop\test\VideoApp\VideoApp\Debug\EncodeImages.WindowsPhone\EncodeImages.pri -> EncodeImages.pri
         EncodeImages.WindowsPhone : EncodeImages.WindowsPhone.BuiltProjectOutputGroup : C:\Users\Евгений\Desktop\test\VideoApp\VideoApp\Debug\EncodeImages.WindowsPhone\EncodeImages.WindowsPhone.dll -> EncodeImages.WindowsPhone.dll
         EncodeImages.WindowsPhone : EncodeImages.WindowsPhone.DebugSymbolsProjectOutputGroup : C:\Users\Евгений\Desktop\test\VideoApp\VideoApp\Debug\EncodeImages.WindowsPhone\EncodeImages.WindowsPhone.pdb -> EncodeImages.WindowsPhone.pdb
         EncodeImages.WindowsPhone : EncodeImages.WindowsPhone.CopyWinmdArtifactsOutputGroup : C:\Users\Евгений\Desktop\test\VideoApp\VideoApp\Debug\EncodeImages.WindowsPhone\EncodeImages.winmd -> EncodeImages.winmd
         EncodeImages.WindowsPhone : EncodeImages.WindowsPhone.GetResolvedSDKReferences : C:\Program Files (x86)\Microsoft SDKs\WindowsPhoneApp\v8.1\ExtensionSDKs\Microsoft.VCLibs\12.0\ -> 
         EncodeImages.WindowsPhone : EncodeImages.WindowsPhone._GetProjectArchitecture : x86 -> 
       _GenerateProjectPriConfigurationFiles:
         EncodeImages.WindowsPhone -> Debug\priconfig.xml
         EncodeImages.WindowsPhone -> Debug\layout.resfiles
         EncodeImages.WindowsPhone -> Debug\resources.resfiles
         EncodeImages.WindowsPhone -> Debug\pri.resfiles
         EncodeImages.WindowsPhone -> 
       _GenerateProjectPriFileCore:
         C:\Program Files (x86)\Windows Kits\8.1\\bin\x86\MakePri.exe New -ProjectRoot "C:\Users\Евгений\Desktop\test\VideoApp\VideoApp\EncodeImages\EncodeImages.WindowsPhone\\" -ConfigXml Debug\priconfig.xml -OutputFile "C:\Users\Евгений\Desktop\test\VideoApp\VideoApp\Debug\EncodeImages.WindowsPhone\EncodeImages.pri" -ExtensionDll "C:\Program Files (x86)\Windows Phone Kits\8.1\\bin\x86\MrmEnvironmentExtDl.dll" -IndexName EncodeImages -Verbose -Overwrite  
         EncodeImages.WindowsPhone -> EncodeImages.pri
       FinalizeBuildStatus:
         Файл "Debug\EncodeIm.25e9c73c.tlog\unsuccessfulbuild" удаляется.
         Обращение к "Debug\EncodeIm.25e9c73c.tlog\EncodeImages.WindowsPhone.lastbuildstate".
     1>Сборка проекта "C:\Users\Евгений\Desktop\test\VideoApp\VideoApp\EncodeImages\EncodeImages.WindowsPhone\EncodeImages.WindowsPhone.vcxproj" завершена (целевые объекты Rebuild).

Сборка успешно завершена.

Затраченное время: 00:00:09.67
