c:\users\евгений\documents\visual studio 2015\projects\app1\encodeimages\encodeimages.windowsphone\debug\pch.pch
c:\users\евгений\documents\visual studio 2015\projects\app1\encodeimages\encodeimages.windowsphone\debug\vc120.pdb
c:\users\евгений\documents\visual studio 2015\projects\app1\encodeimages\encodeimages.windowsphone\debug\vc120.idb
c:\users\евгений\documents\visual studio 2015\projects\app1\encodeimages\encodeimages.windowsphone\debug\pch.obj
c:\users\евгений\documents\visual studio 2015\projects\app1\encodeimages\encodeimages.windowsphone\debug\picturewriter.obj
c:\users\евгений\documents\visual studio 2015\projects\app1\debug\encodeimages.windowsphone\encodeimages.winmd
c:\users\евгений\documents\visual studio 2015\projects\app1\debug\encodeimages.windowsphone\encodeimages.windowsphone.lib
c:\users\евгений\documents\visual studio 2015\projects\app1\debug\encodeimages.windowsphone\encodeimages.windowsphone.exp
c:\users\евгений\documents\visual studio 2015\projects\app1\encodeimages\encodeimages.windowsphone\debug\priconfig.xml
c:\users\евгений\documents\visual studio 2015\projects\app1\encodeimages\encodeimages.windowsphone\debug\priconfig.xml.intermediate
c:\users\евгений\documents\visual studio 2015\projects\app1\encodeimages\encodeimages.windowsphone\debug\layout.resfiles
c:\users\евгений\documents\visual studio 2015\projects\app1\encodeimages\encodeimages.windowsphone\debug\layout.resfiles.intermediate
c:\users\евгений\documents\visual studio 2015\projects\app1\encodeimages\encodeimages.windowsphone\debug\resources.resfiles
c:\users\евгений\documents\visual studio 2015\projects\app1\encodeimages\encodeimages.windowsphone\debug\resources.resfiles.intermediate
c:\users\евгений\documents\visual studio 2015\projects\app1\encodeimages\encodeimages.windowsphone\debug\pri.resfiles
c:\users\евгений\documents\visual studio 2015\projects\app1\encodeimages\encodeimages.windowsphone\debug\pri.resfiles.intermediate
c:\users\евгений\documents\visual studio 2015\projects\app1\debug\encodeimages.windowsphone\encodeimages.pri
c:\users\евгений\documents\visual studio 2015\projects\app1\encodeimages\encodeimages.windowsphone\debug\qualifiers.txt
c:\users\евгений\documents\visual studio 2015\projects\app1\encodeimages\encodeimages.windowsphone\debug\qualifiers.txt.intermediate
c:\users\евгений\documents\visual studio 2015\projects\app1\encodeimages\encodeimages.windowsphone\debug\multiplequalifiersperdimensionfound.txt
c:\users\евгений\documents\visual studio 2015\projects\app1\debug\encodeimages.windowsphone\encodeimages.windowsphone.ilk
c:\users\евгений\documents\visual studio 2015\projects\app1\debug\encodeimages.windowsphone\encodeimages.windowsphone.dll
c:\users\евгений\documents\visual studio 2015\projects\app1\debug\encodeimages.windowsphone\encodeimages.windowsphone.pdb
c:\users\евгений\desktop\test\videoapp\videoapp\encodeimages\encodeimages.windowsphone\debug\encodeimages.windowsphone.vcxprojresolveassemblyreference.cache
c:\users\евгений\desktop\test\videoapp\videoapp\encodeimages\encodeimages.windowsphone\debug\pch.obj
c:\users\евгений\desktop\test\videoapp\videoapp\encodeimages\encodeimages.windowsphone\debug\picturewriter.obj
c:\users\евгений\desktop\test\videoapp\videoapp\encodeimages\encodeimages.windowsphone\debug\layout.resfiles
c:\users\евгений\desktop\test\videoapp\videoapp\encodeimages\encodeimages.windowsphone\debug\pri.resfiles
c:\users\евгений\desktop\test\videoapp\videoapp\encodeimages\encodeimages.windowsphone\debug\resources.resfiles
c:\users\евгений\desktop\test\videoapp\videoapp\encodeimages\encodeimages.windowsphone\debug\pch.pch
c:\users\евгений\desktop\test\videoapp\videoapp\encodeimages\encodeimages.windowsphone\debug\vc120.idb
c:\users\евгений\desktop\test\videoapp\videoapp\encodeimages\encodeimages.windowsphone\debug\vc120.pdb
c:\users\евгений\desktop\test\videoapp\videoapp\encodeimages\encodeimages.windowsphone\debug\priconfig.xml
c:\users\евгений\desktop\test\videoapp\videoapp\encodeimages\encodeimages.windowsphone\debug\encodeim.25e9c73c.tlog\cl.command.1.tlog
c:\users\евгений\desktop\test\videoapp\videoapp\encodeimages\encodeimages.windowsphone\debug\encodeim.25e9c73c.tlog\cl.read.1.tlog
c:\users\евгений\desktop\test\videoapp\videoapp\encodeimages\encodeimages.windowsphone\debug\encodeim.25e9c73c.tlog\cl.write.1.tlog
c:\users\евгений\desktop\test\videoapp\videoapp\encodeimages\encodeimages.windowsphone\debug\encodeim.25e9c73c.tlog\encodeimages.windowsphone.read.1u.tlog
c:\users\евгений\desktop\test\videoapp\videoapp\encodeimages\encodeimages.windowsphone\debug\encodeim.25e9c73c.tlog\encodeimages.windowsphone.write.1u.tlog
c:\users\евгений\desktop\test\videoapp\videoapp\encodeimages\encodeimages.windowsphone\debug\encodeim.25e9c73c.tlog\link.command.1.tlog
c:\users\евгений\desktop\test\videoapp\videoapp\encodeimages\encodeimages.windowsphone\debug\encodeim.25e9c73c.tlog\link.read.1.tlog
c:\users\евгений\desktop\test\videoapp\videoapp\encodeimages\encodeimages.windowsphone\debug\encodeim.25e9c73c.tlog\link.write.1.tlog
